<?xml version="1.0" encoding="UTF-8"?>
<!-- Generated by org.testng.reporters.JUnitReportReporter -->
<testsuite hostname="DESKTOP-I21LK9M" failures="0" tests="5" name="testNG.dao.DonHangChiTietDAO_TestNG" time="0.241" errors="0" timestamp="2024-04-06T19:28:23 ICT" skipped="0">
  <testcase classname="testNG.dao.DonHangChiTietDAO_TestNG" name="testSelectById" time="0.024"/>
  <testcase classname="testNG.dao.DonHangChiTietDAO_TestNG" name="testSelectAll" time="0.028"/>
  <testcase classname="testNG.dao.DonHangChiTietDAO_TestNG" name="testUpdate" time="0.052"/>
  <testcase classname="testNG.dao.DonHangChiTietDAO_TestNG" name="testInsert" time="0.069"/>
  <testcase classname="testNG.dao.DonHangChiTietDAO_TestNG" name="testDelete" time="0.068"/>
</testsuite> <!-- testNG.dao.DonHangChiTietDAO_TestNG -->
