<?xml version="1.0" encoding="UTF-8"?>
<!-- Generated by org.testng.reporters.JUnitReportReporter -->
<testsuite hostname="DESKTOP-I21LK9M" failures="0" tests="5" name="testNG.dao.DonHangDAO_TestNG" time="1.269" errors="0" timestamp="2024-04-06T19:28:23 ICT" skipped="0">
  <testcase classname="testNG.dao.DonHangDAO_TestNG" name="testSelectById" time="0.030"/>
  <testcase classname="testNG.dao.DonHangDAO_TestNG" name="testDelete" time="0.983"/>
  <testcase classname="testNG.dao.DonHangDAO_TestNG" name="testInsert" time="0.146"/>
  <testcase classname="testNG.dao.DonHangDAO_TestNG" name="testSelectAll" time="0.043"/>
  <testcase classname="testNG.dao.DonHangDAO_TestNG" name="testUpdate" time="0.067"/>
</testsuite> <!-- testNG.dao.DonHangDAO_TestNG -->
