<?xml version="1.0" encoding="UTF-8"?>
<!-- Generated by org.testng.reporters.JUnitReportReporter -->
<testsuite hostname="DESKTOP-I21LK9M" failures="0" tests="5" name="testNG.dao.ChamSocKhachHangDAO_TestNG" time="0.244" errors="0" timestamp="2024-04-06T19:28:23 ICT" skipped="0">
  <testcase classname="testNG.dao.ChamSocKhachHangDAO_TestNG" name="testSelectAll" time="0.030"/>
  <testcase classname="testNG.dao.ChamSocKhachHangDAO_TestNG" name="testSelectById" time="0.028"/>
  <testcase classname="testNG.dao.ChamSocKhachHangDAO_TestNG" name="testUpdate" time="0.057"/>
  <testcase classname="testNG.dao.ChamSocKhachHangDAO_TestNG" name="testInsert" time="0.069"/>
  <testcase classname="testNG.dao.ChamSocKhachHangDAO_TestNG" name="testDelete" time="0.060"/>
</testsuite> <!-- testNG.dao.ChamSocKhachHangDAO_TestNG -->
