<?xml version="1.0" encoding="UTF-8"?>
<!-- Generated by org.testng.reporters.JUnitReportReporter -->
<testsuite hostname="DESKTOP-I21LK9M" failures="0" tests="4" name="testNG.dao.BaoCaoThongKeDAO_TestNG" time="0.188" errors="0" timestamp="2024-04-06T19:28:23 ICT" skipped="0">
  <testcase classname="testNG.dao.BaoCaoThongKeDAO_TestNG" name="testSelectAllDoanhThuNam" time="0.052"/>
  <testcase classname="testNG.dao.BaoCaoThongKeDAO_TestNG" name="testSelectBySql" time="0.044"/>
  <testcase classname="testNG.dao.BaoCaoThongKeDAO_TestNG" name="testSelectAllDoanhThuThang" time="0.065"/>
  <testcase classname="testNG.dao.BaoCaoThongKeDAO_TestNG" name="testSelectAllDoanhThuNgay" time="0.027"/>
</testsuite> <!-- testNG.dao.BaoCaoThongKeDAO_TestNG -->
