<?xml version="1.0" encoding="UTF-8"?>
<!-- Generated by org.testng.reporters.JUnitReportReporter -->
<testsuite hostname="DESKTOP-I21LK9M" failures="0" tests="6" name="testNG.dao.SanPhamDAO_TestNG" time="0.247" errors="0" timestamp="2024-04-06T19:28:23 ICT" skipped="0">
  <testcase classname="testNG.dao.SanPhamDAO_TestNG" name="testUpdate" time="0.054"/>
  <testcase classname="testNG.dao.SanPhamDAO_TestNG" name="testSelectBySql" time="0.027"/>
  <testcase classname="testNG.dao.SanPhamDAO_TestNG" name="testDelete" time="0.053"/>
  <testcase classname="testNG.dao.SanPhamDAO_TestNG" name="testSelectById" time="0.025"/>
  <testcase classname="testNG.dao.SanPhamDAO_TestNG" name="testSelectAll" time="0.028"/>
  <testcase classname="testNG.dao.SanPhamDAO_TestNG" name="testInsert" time="0.060"/>
</testsuite> <!-- testNG.dao.SanPhamDAO_TestNG -->
