<?xml version="1.0" encoding="UTF-8"?>
<!-- Generated by org.testng.reporters.JUnitReportReporter -->
<testsuite hostname="DESKTOP-I21LK9M" failures="0" tests="5" name="testNG.dao.KhachHangDAO_TestNG" time="0.222" errors="0" timestamp="2024-04-06T19:28:23 ICT" skipped="0">
  <testcase classname="testNG.dao.KhachHangDAO_TestNG" name="testSelectAll" time="0.033"/>
  <testcase classname="testNG.dao.KhachHangDAO_TestNG" name="testInsert" time="0.063"/>
  <testcase classname="testNG.dao.KhachHangDAO_TestNG" name="testUpdate" time="0.051"/>
  <testcase classname="testNG.dao.KhachHangDAO_TestNG" name="testDelete" time="0.052"/>
  <testcase classname="testNG.dao.KhachHangDAO_TestNG" name="testSelectById" time="0.023"/>
</testsuite> <!-- testNG.dao.KhachHangDAO_TestNG -->
